{
  "RSpec": {
    "coverage": {
      "/myapp/app/channels/application_cable/channel.rb": {
        "lines": [
          0,
          0,
          0,
          0
        ],
        "branches": {
        }
      },
      "/myapp/app/channels/application_cable/connection.rb": {
        "lines": [
          0,
          0,
          0,
          0
        ],
        "branches": {
        }
      },
      "/myapp/app/controllers/alunos_controller.rb": {
        "lines": [
          0,
          null,
          0
        ],
        "branches": {
        }
      },
      "/myapp/app/controllers/application_controller.rb": {
        "lines": [
          0,
          0
        ],
        "branches": {
        }
      },
      "/myapp/app/controllers/home_controller.rb": {
        "lines": [
          0,
          0,
          null,
          0,
          0,
          null,
          null,
          null,
          null,
          null,
          0,
          0
        ],
        "branches": {
        }
      },
      "/myapp/app/controllers/professors_controller.rb": {
        "lines": [
          0,
          null,
          0
        ],
        "branches": {
        }
      },
      "/myapp/app/controllers/prova_controller.rb": {
        "lines": [
          0,
          0
        ],
        "branches": {
        }
      },
      "/myapp/app/controllers/questaos_controller.rb": {
        "lines": [
          0,
          0,
          null,
          null,
          0,
          0,
          0,
          null,
          null,
          0,
          0,
          null,
          null,
          0,
          0,
          0,
          null,
          null,
          0,
          0,
          null,
          null,
          0,
          0,
          null,
          0,
          0,
          0,
          0,
          0,
          0,
          0,
          0,
          0,
          0,
          null,
          null,
          0,
          0,
          0,
          0,
          0,
          0,
          0,
          0,
          0,
          0,
          0,
          null,
          null,
          0,
          0,
          null,
          0,
          0,
          0,
          0,
          0,
          null,
          0,
          null,
          0,
          0,
          0,
          null,
          null,
          0,
          0,
          0,
          0
        ],
        "branches": {
        }
      },
      "/myapp/app/controllers/users_controller.rb": {
        "lines": [
          0,
          0,
          0,
          0,
          null,
          0,
          0,
          0,
          0,
          0,
          0,
          0,
          0,
          null,
          0,
          0,
          0,
          null,
          0,
          0,
          0,
          0,
          0
        ],
        "branches": {
        }
      },
      "/myapp/app/helpers/application_helper.rb": {
        "lines": [
          0,
          0
        ],
        "branches": {
        }
      },
      "/myapp/app/helpers/home_helper.rb": {
        "lines": [
          0,
          0
        ],
        "branches": {
        }
      },
      "/myapp/app/helpers/prova_helper.rb": {
        "lines": [
          0,
          0
        ],
        "branches": {
        }
      },
      "/myapp/app/helpers/questaos_helper.rb": {
        "lines": [
          0,
          0
        ],
        "branches": {
        }
      },
      "/myapp/app/jobs/application_job.rb": {
        "lines": [
          0,
          null,
          null,
          null,
          null,
          null,
          0
        ],
        "branches": {
        }
      },
      "/myapp/app/mailers/application_mailer.rb": {
        "lines": [
          0,
          0,
          0,
          0
        ],
        "branches": {
        }
      },
      "/myapp/app/models/application_record.rb": {
        "lines": [
          0,
          0,
          0
        ],
        "branches": {
        }
      },
      "/myapp/app/models/prova.rb": {
        "lines": [
          0,
          0
        ],
        "branches": {
        }
      },
      "/myapp/app/models/questao.rb": {
        "lines": [
          0,
          0
        ],
        "branches": {
        }
      },
      "/myapp/app/models/role.rb": {
        "lines": [
          0,
          0,
          null,
          0,
          0,
          0,
          null,
          null,
          0,
          0,
          0,
          null,
          0,
          0
        ],
        "branches": {
        }
      },
      "/myapp/app/models/user.rb": {
        "lines": [
          0,
          0,
          null,
          null,
          null,
          0,
          0,
          null,
          0,
          null,
          0,
          null,
          0,
          null,
          0,
          0,
          0,
          null,
          0,
          0,
          0,
          0,
          0,
          null,
          0
        ],
        "branches": {
        }
      }
    },
    "timestamp": 1669235772
  },
  "Cucumber Features": {
    "coverage": {
      "/Users/matheusbarbosa/Documents/USP/4sm/engsoft/e-learn-max-plataform/app/models/user.rb": {
        "lines": [
          1,
          null,
          null,
          1,
          null,
          null
        ]
      },
      "/Users/matheusbarbosa/Documents/USP/4sm/engsoft/e-learn-max-plataform/app/models/application_record.rb": {
        "lines": [
          1,
          1,
          null
        ]
      },
      "/Users/matheusbarbosa/Documents/USP/4sm/engsoft/e-learn-max-plataform/app/mailers/application_mailer.rb": {
        "lines": [
          0,
          0,
          0,
          0
        ],
        "branches": {
        }
      },
      "/Users/matheusbarbosa/Documents/USP/4sm/engsoft/e-learn-max-plataform/app/models/questao.rb": {
        "lines": [
          0,
          0
        ],
        "branches": {
        }
      },
      "/Users/matheusbarbosa/Documents/USP/4sm/engsoft/e-learn-max-plataform/app/jobs/application_job.rb": {
        "lines": [
          0,
          null,
          null,
          null,
          null,
          null,
          0
        ],
        "branches": {
        }
      },
      "/Users/matheusbarbosa/Documents/USP/4sm/engsoft/e-learn-max-plataform/app/controllers/application_controller.rb": {
        "lines": [
          0,
          0
        ],
        "branches": {
        }
      },
      "/Users/matheusbarbosa/Documents/USP/4sm/engsoft/e-learn-max-plataform/app/controllers/questaos_controller.rb": {
        "lines": [
          0,
          0,
          null,
          null,
          0,
          0,
          0,
          null,
          null,
          0,
          0,
          null,
          null,
          0,
          0,
          0,
          null,
          null,
          0,
          0,
          null,
          null,
          0,
          0,
          null,
          0,
          0,
          0,
          0,
          0,
          0,
          0,
          0,
          0,
          0,
          null,
          null,
          0,
          0,
          0,
          0,
          0,
          0,
          0,
          0,
          0,
          0,
          0,
          null,
          null,
          0,
          0,
          null,
          0,
          0,
          0,
          0,
          0,
          null,
          0,
          null,
          0,
          0,
          0,
          null,
          null,
          0,
          0,
          0,
          0
        ],
        "branches": {
        }
      },
      "/Users/matheusbarbosa/Documents/USP/4sm/engsoft/e-learn-max-plataform/app/controllers/home_controller.rb": {
        "lines": [
          0,
          0,
          0,
          0,
          0,
          0
        ],
        "branches": {
        }
      },
      "/Users/matheusbarbosa/Documents/USP/4sm/engsoft/e-learn-max-plataform/app/helpers/home_helper.rb": {
        "lines": [
          0,
          0
        ],
        "branches": {
        }
      },
      "/Users/matheusbarbosa/Documents/USP/4sm/engsoft/e-learn-max-plataform/app/helpers/questaos_helper.rb": {
        "lines": [
          0,
          0
        ],
        "branches": {
        }
      },
      "/Users/matheusbarbosa/Documents/USP/4sm/engsoft/e-learn-max-plataform/app/helpers/application_helper.rb": {
        "lines": [
          0,
          0
        ],
        "branches": {
        }
      },
      "/Users/matheusbarbosa/Documents/USP/4sm/engsoft/e-learn-max-plataform/app/channels/application_cable/connection.rb": {
        "lines": [
          0,
          0,
          0,
          0
        ],
        "branches": {
        }
      },
      "/Users/matheusbarbosa/Documents/USP/4sm/engsoft/e-learn-max-plataform/app/channels/application_cable/channel.rb": {
        "lines": [
          0,
          0,
          0,
          0
        ],
        "branches": {
        }
      }
    },
    "timestamp": 1668014854
  }
}
