SF:./app/channels/application_cable/channel.rb
DA:1,0
DA:2,0
DA:3,0
DA:4,0
end_of_record
SF:./app/channels/application_cable/connection.rb
DA:1,0
DA:2,0
DA:3,0
DA:4,0
end_of_record
SF:./app/controllers/application_controller.rb
DA:1,1
end_of_record
SF:./app/controllers/home_controller.rb
DA:1,0
DA:2,0
DA:3,0
DA:4,0
DA:5,0
DA:6,0
end_of_record
SF:./app/controllers/questaos_controller.rb
DA:1,1
DA:2,1
DA:5,1
DA:6,0
DA:10,1
DA:14,1
DA:15,1
DA:19,1
DA:23,1
DA:24,0
DA:26,0
DA:27,0
DA:28,0
DA:29,0
DA:31,0
DA:32,0
DA:38,1
DA:39,0
DA:40,0
DA:41,0
DA:42,0
DA:44,0
DA:45,0
DA:51,1
DA:52,0
DA:54,0
DA:55,0
DA:56,0
DA:60,1
DA:62,1
DA:63,0
DA:67,1
DA:68,0
end_of_record
SF:./app/helpers/application_helper.rb
DA:1,1
end_of_record
SF:./app/helpers/home_helper.rb
DA:1,1
end_of_record
SF:./app/helpers/questaos_helper.rb
DA:1,1
end_of_record
SF:./app/jobs/application_job.rb
DA:1,0
DA:7,0
end_of_record
SF:./app/mailers/application_mailer.rb
DA:1,0
DA:2,0
DA:3,0
DA:4,0
end_of_record
SF:./app/models/application_record.rb
DA:1,1
DA:2,1
end_of_record
SF:./app/models/questao.rb
DA:1,1
end_of_record
SF:./app/models/user.rb
DA:1,1
DA:4,1
end_of_record
