SF:./app/channels/application_cable/channel.rb
DA:1,0
DA:2,0
DA:3,0
DA:4,0
end_of_record
SF:./app/channels/application_cable/connection.rb
DA:1,0
DA:2,0
DA:3,0
DA:4,0
end_of_record
SF:./app/controllers/alunos_controller.rb
DA:1,0
DA:3,0
end_of_record
SF:./app/controllers/application_controller.rb
DA:1,1
end_of_record
SF:./app/controllers/home_controller.rb
DA:1,0
DA:2,0
DA:4,0
DA:5,0
DA:11,0
DA:12,0
end_of_record
SF:./app/controllers/professors_controller.rb
DA:1,0
DA:3,0
end_of_record
SF:./app/controllers/provas_controller.rb
DA:1,1
DA:2,1
DA:3,1
DA:6,1
DA:7,0
DA:11,1
DA:15,1
DA:16,0
DA:20,1
DA:24,1
DA:26,0
DA:28,0
DA:29,0
DA:30,0
DA:31,0
DA:33,0
DA:34,0
DA:40,1
DA:41,0
DA:42,0
DA:43,0
DA:44,0
DA:46,0
DA:47,0
DA:53,1
DA:54,0
DA:56,0
DA:57,0
DA:58,0
DA:62,1
DA:63,0
DA:64,0
DA:67,1
DA:69,1
DA:70,0
DA:74,1
DA:75,0
end_of_record
SF:./app/controllers/questaos_controller.rb
DA:1,1
DA:2,1
DA:5,1
DA:6,0
DA:10,1
DA:14,1
DA:15,1
DA:19,1
DA:23,1
DA:24,0
DA:26,0
DA:27,0
DA:28,0
DA:29,0
DA:31,0
DA:32,0
DA:38,1
DA:39,0
DA:40,0
DA:41,0
DA:42,0
DA:44,0
DA:45,0
DA:51,1
DA:52,0
DA:54,0
DA:55,0
DA:56,0
DA:60,1
DA:62,1
DA:63,0
DA:67,1
DA:68,0
end_of_record
SF:./app/controllers/users_controller.rb
DA:1,0
DA:2,0
DA:3,0
DA:4,0
DA:6,0
DA:7,0
DA:8,0
DA:9,0
DA:10,0
DA:11,0
DA:12,0
DA:13,0
DA:15,0
DA:16,0
DA:17,0
DA:19,0
DA:20,0
DA:21,0
DA:22,0
DA:23,0
end_of_record
SF:./app/helpers/application_helper.rb
DA:1,1
end_of_record
SF:./app/helpers/home_helper.rb
DA:1,1
end_of_record
SF:./app/helpers/provas_helper.rb
DA:1,1
end_of_record
SF:./app/helpers/questaos_helper.rb
DA:1,1
end_of_record
SF:./app/jobs/application_job.rb
DA:1,0
DA:7,0
end_of_record
SF:./app/mailers/application_mailer.rb
DA:1,0
DA:2,0
DA:3,0
DA:4,0
end_of_record
SF:./app/models/application_record.rb
DA:1,1
DA:2,1
end_of_record
SF:./app/models/prova.rb
DA:1,1
DA:2,1
end_of_record
SF:./app/models/questao.rb
DA:1,1
end_of_record
SF:./app/models/role.rb
DA:1,1
DA:2,1
DA:4,1
DA:9,1
DA:13,1
end_of_record
SF:./app/models/user.rb
DA:1,1
DA:2,1
DA:6,1
DA:9,1
DA:11,1
DA:13,1
DA:15,1
DA:17,1
DA:18,0
DA:21,1
DA:22,0
DA:23,0
end_of_record
